<?xml version="1.0" encoding="UTF-8"?>
<!-- Generated by org.testng.reporters.JUnitXMLReporter -->
<testsuite hostname="PANIGRAP8" ignored="0" name="Default test" tests="3" failures="0" timestamp="28 Apr 2021 15:21:16 GMT" time="42.557" errors="0">
  <testcase name="TC_compareEventCodeAndUpdateTSFromApiWithDB" time="21.208" classname="hp.Seals.GetSolutionApiVsDB.GetSolutionAPIvsDBTest"/>
  <testcase name="TC_compareSeverityValueFromApiWithDB" time="7.479" classname="hp.Seals.GetSolutionApiVsDB.GetSolutionAPIvsDBTest"/>
  <testcase name="TC_compareShortDescriptionValueFromApiWithDB" time="7.392" classname="hp.Seals.GetSolutionApiVsDB.GetSolutionAPIvsDBTest"/>
</testsuite> <!-- Default test -->
